screen -S eltex-pg2-v15_part2

ls<TAB><TAB>
ls           lsblk        lscpu        lsinitramfs  lsirq        lslogins     lsmod        lsof         lsusb       attr       lsb_release  lsfd         lsipc        lslocks      lsmem        lsns         lspci

$HIST
$HISTCMD       $HISTCONTROL   $HISTFILE      $HISTFILESIZE  $HISTSIZE


echo "$HISTFILESIZE"
"2000"

ls -a
. .. .bash_history .bash_logout .bashrc .config eltex-pg2-v15_part.log .lesshst .log log .profile report_part1.txt .viminfo

export DATE=$(date)


printenv | grep DATE
Thu Mar 12 04:50:56 PM +07 2026

export TIME=$(date +%H:%M:%S)


printenv | grep TIME
16:54:58

export DATE_TIME="$DATE $TIME"


printenv | grep DATE_TIME
Thu Mar 12 04:50:56 PM +07 2026 16:54:58

ls /sbin | grep "[0-9]"
dumpe2fs
e2freefrag
e2fsck
e2image
e2label
e2mmpstatus
e2scrub
e2scrub_all
e2undo
e4crypt
e4defrag
fsck.ext2
fsck.ext3
fsck.ext4
killall5
mke2fs
mkfs.ext2
mkfs.ext3
mkfs.ext4
resize2fs
tune2fs
update-grub2

ls /bin | grep "[0-9]"
addr2line
b2sum
base32
base64
bunzip2
bzip2
bzip2recover
c89
c89-gcc
c99
c99-gcc
cpan5.36-x86_64-linux-gnu
cpp-12
diff3
enc2xs
gcc-12
gcc-ar-12
gcc-nm-12
gcc-ranlib-12
gcov-12
gcov-dump-12
gcov-tool-12
grub-menulst2cfg
grub-mkpasswd-pbkdf2
grub-syslinux2cfg
h2ph
h2xs
i386
linux32
linux64
lto-dump-12
md5sum
md5sum.textutils
pdb3
pdb3.11
perl5.36.0
perl5.36-x86_64-linux-gnu
ping4
ping6
pl2pm
pod2html
pod2man
pod2text
pod2usage
py3clean
py3compile
py3versions
pydoc3
pydoc3.11
pygettext3
pygettext3.11
python3
python3.11
sha1sum
sha224sum
sha256sum
sha384sum
sha512sum
ssh-argv0
systemd-id128
traceroute6
traceroute6.db
x86_64
x86_64-linux-gnu-addr2line
x86_64-linux-gnu-ar
x86_64-linux-gnu-as
x86_64-linux-gnu-c++filt
x86_64-linux-gnu-cpp
x86_64-linux-gnu-cpp-12
x86_64-linux-gnu-dwp
x86_64-linux-gnu-elfedit
x86_64-linux-gnu-gcc
x86_64-linux-gnu-gcc-12
x86_64-linux-gnu-gcc-ar
x86_64-linux-gnu-gcc-ar-12
x86_64-linux-gnu-gcc-nm
x86_64-linux-gnu-gcc-nm-12
x86_64-linux-gnu-gcc-ranlib
x86_64-linux-gnu-gcc-ranlib-12
x86_64-linux-gnu-gcov
x86_64-linux-gnu-gcov-12
x86_64-linux-gnu-gcov-dump
x86_64-linux-gnu-gcov-dump-12
x86_64-linux-gnu-gcov-tool
x86_64-linux-gnu-gcov-tool-12
x86_64-linux-gnu-gold
x86_64-linux-gnu-gp-archive
x86_64-linux-gnu-gp-collect-app
x86_64-linux-gnu-gp-display-html
x86_64-linux-gnu-gp-display-src
x86_64-linux-gnu-gp-display-text
x86_64-linux-gnu-gprof
x86_64-linux-gnu-gprofng
x86_64-linux-gnu-ld
x86_64-linux-gnu-ld.bfd
x86_64-linux-gnu-ld.gold
x86_64-linux-gnu-lto-dump
x86_64-linux-gnu-lto-dump-12
x86_64-linux-gnu-nm
x86_64-linux-gnu-objcopy
x86_64-linux-gnu-objdump
x86_64-linux-gnu-ranlib
x86_64-linux-gnu-readelf
x86_64-linux-gnu-size
x86_64-linux-gnu-strings
x86_64-linux-gnu-strip

vim .profile
<SHIFT>g
<SHIFT>a
<RETURN>
<RETURN>
i
bash -c " echo "$(whoami)@$(hostname)-$(date +%H:%M)" "
<ESC>
:wq

mkdir -p "$(date +%Y)"-{01..12}

ls -lh
total 56K
drwxr-xr-x 2 eltex-pg2-v15 eltex-pg2-v15 4.0K Mar 16 17:01 2026-01
drwxr-xr-x 2 eltex-pg2-v15 eltex-pg2-v15 4.0K Mar 16 17:01 2026-02
drwxr-xr-x 2 eltex-pg2-v15 eltex-pg2-v15 4.0K Mar 16 17:01 2026-03
drwxr-xr-x 2 eltex-pg2-v15 eltex-pg2-v15 4.0K Mar 16 17:01 2026-04
drwxr-xr-x 2 eltex-pg2-v15 eltex-pg2-v15 4.0K Mar 16 17:01 2026-05
drwxr-xr-x 2 eltex-pg2-v15 eltex-pg2-v15 4.0K Mar 16 17:01 2026-06
drwxr-xr-x 2 eltex-pg2-v15 eltex-pg2-v15 4.0K Mar 16 17:01 2026-07
drwxr-xr-x 2 eltex-pg2-v15 eltex-pg2-v15 4.0K Mar 16 17:01 2026-08
drwxr-xr-x 2 eltex-pg2-v15 eltex-pg2-v15 4.0K Mar 16 17:01 2026-09
drwxr-xr-x 2 eltex-pg2-v15 eltex-pg2-v15 4.0K Mar 16 17:01 2026-10
drwxr-xr-x 2 eltex-pg2-v15 eltex-pg2-v15 4.0K Mar 16 17:01 2026-11
drwxr-xr-x 2 eltex-pg2-v15 eltex-pg2-v15 4.0K Mar 16 17:01 2026-12
-rw-r--r-- 1 eltex-pg2-v15 eltex-pg2-v15 3.8K Mar 16 16:48 eltex-pg2-v15_part2.log
-rw-r--r-- 1 eltex-pg2-v15 eltex-pg2-v15  128 Mar  6 14:10 report_part1.txt
