mkdir -p D1/D2/D3

ls -alR D1
ls -alR D1
D1:
total 12
drwxr-xr-x  3 eltex-pg2-v15 eltex-pg2-v15 4096 Mar 16 17:15 .
drwxr-xr-x 17 eltex-pg2-v15 eltex-pg2-v15 4096 Mar 16 17:15 ..
drwxr-xr-x  3 eltex-pg2-v15 eltex-pg2-v15 4096 Mar 16 17:15 D2

D1/D2:
total 12
drwxr-xr-x 3 eltex-pg2-v15 eltex-pg2-v15 4096 Mar 16 17:15 .
drwxr-xr-x 3 eltex-pg2-v15 eltex-pg2-v15 4096 Mar 16 17:15 ..
drwxr-xr-x 2 eltex-pg2-v15 eltex-pg2-v15 4096 Mar 16 17:15 D3

D1/D2/D3:
total 8
drwxr-xr-x 2 eltex-pg2-v15 eltex-pg2-v15 4096 Mar 16 17:15 .
drwxr-xr-x 3 eltex-pg2-v15 eltex-pg2-v15 4096 Mar 16 17:15 ..

eltex-pg2-v15@eltex-2026-spring:~$ touch D1/D2/file.txt
eltex-pg2-v15@eltex-2026-spring:~$ echo "hello from kz" >> D1/D2/file.txt
eltex-pg2-v15@eltex-2026-spring:~$ cat D1/D2/file.txt 
hello from kz
eltex-pg2-v15@eltex-2026-spring:~$ ln -s D1/D2/D3/s-file.txt D1/D2/file.txt
ln: failed to create symbolic link 'D1/D2/file.txt': File exists
eltex-pg2-v15@eltex-2026-spring:~$ ln -s D1/D2/file.txt D1/D2/D3/s-file.txt
eltex-pg2-v15@eltex-2026-spring:~$ ln D1/D2/file.txt D1/D2/D3/h-file.txt
eltex-pg2-v15@eltex-2026-spring:~$ ls -l D1/D2/D3
total 4
-rw-r--r-- 2 eltex-pg2-v15 eltex-pg2-v15 14 Mar 16 17:24 h-file.txt
lrwxrwxrwx 1 eltex-pg2-v15 eltex-pg2-v15 14 Mar 16 17:26 s-file.txt -> D1/D2/file.txt
eltex-pg2-v15@eltex-2026-spring:~$ ls -l D1/D2
total 8
drwxr-xr-x 2 eltex-pg2-v15 eltex-pg2-v15 4096 Mar 16 17:26 D3
-rw-r--r-- 2 eltex-pg2-v15 eltex-pg2-v15   14 Mar 16 17:24 file.txt
eltex-pg2-v15@eltex-2026-spring:~$ diff D1/D2/file.txt D1/D2/D3/h-file.txt 
eltex-pg2-v15@eltex-2026-spring:~$ cat D1/D2/file.txt D1/D2/D3/s-file.txt D1/D2/D3/h-file.txt 
hello from kz
cat: D1/D2/D3/s-file.txt: No such file or directory
hello from kz
eltex-pg2-v15@eltex-2026-spring:~$ cat D1/D2/D3/
h-file.txt  s-file.txt  
eltex-pg2-v15@eltex-2026-spring:~$ cat D1/D2/D3/
h-file.txt  s-file.txt  
eltex-pg2-v15@eltex-2026-spring:~$ cat D1/D2/D3/s-file.txt 
cat: D1/D2/D3/s-file.txt: No such file or directory
eltex-pg2-v15@eltex-2026-spring:~$ vi D1/D2/D3/s-file.txt 
eltex-pg2-v15@eltex-2026-spring:~$ rm D1/D2/D3/s-file.txt 
eltex-pg2-v15@eltex-2026-spring:~$ touch D1/D2/D3/s-file.txt
eltex-pg2-v15@eltex-2026-spring:~$ ln -s D1/D2/file.txt D1/D2/D3/s-file.txt 
ln: failed to create symbolic link 'D1/D2/D3/s-file.txt': File exists
eltex-pg2-v15@eltex-2026-spring:~$ rm D1/D2/D3/s-file.txt 
eltex-pg2-v15@eltex-2026-spring:~$ ln -s D1/D2/file.txt D1/D2/D3/s-file.txt 
eltex-pg2-v15@eltex-2026-spring:~$ cat D1/D2/file.txt D1/D2/D3/s-file.txt D1/D2/D3/h-file.txt 
hello from kz
cat: D1/D2/D3/s-file.txt: No such file or directory
hello from kz
eltex-pg2-v15@eltex-2026-spring:~$ ln -sf D1/D2/file.txt D1/D2/D3/s-file.txt 
eltex-pg2-v15@eltex-2026-spring:~$ cat D1/D2/D3/s-file.txt 
cat: D1/D2/D3/s-file.txt: No such file or directory
eltex-pg2-v15@eltex-2026-spring:~$ ln -sf D1/D2/file.txt ~/D1/D2/D3/s-file.txt 
eltex-pg2-v15@eltex-2026-spring:~$ cat D1/D2/D3/s-file.txt 
cat: D1/D2/D3/s-file.txt: No such file or directory
eltex-pg2-v15@eltex-2026-spring:~$ ln -sf ~/D1/D2/file.txt ~/D1/D2/D3/s-file.txt 
eltex-pg2-v15@eltex-2026-spring:~$ cat D1/D2/D3/s-file.txt 
hello from kz
eltex-pg2-v15@eltex-2026-spring:~$ cat D1/D2/file.txt D1/D2/D3/s-file.txt D1/D2/D3/h-file.txt 
hello from kz
hello from kz
hello from kz
eltex-pg2-v15@eltex-2026-spring:~$ echo "eltex" >> D1/D2/file.txt 
eltex-pg2-v15@eltex-2026-spring:~$ cat D1/D2/file.txt D1/D2/D3/s-file.txt D1/D2/D3/h-file.txt 
hello from kz
eltex
hello from kz
eltex
hello from kz
eltex
eltex-pg2-v15@eltex-2026-spring:~$ mv D1/D2/file.txt ~/D1/file.txt
eltex-pg2-v15@eltex-2026-spring:~$ cat D1/D2/file.txt D1/D2/D3/s-file.txt D1/D2/D3/h-file.txt 
cat: D1/D2/file.txt: No such file or directory
cat: D1/D2/D3/s-file.txt: No such file or directory
hello from kz
eltex
eltex-pg2-v15@eltex-2026-spring:~$ cat D1/file.txt D1/D2/D3/s-file.txt D1/D2/D3/h-file.txt 
hello from kz
eltex
cat: D1/D2/D3/s-file.txt: No such file or directory
hello from kz
eltex
eltex-pg2-v15@eltex-2026-spring:~$ rmdir D1/D2
rmdir: failed to remove 'D1/D2': Directory not empty
eltex-pg2-v15@eltex-2026-spring:~$ rmdir -rf D1/D2
rmdir: invalid option -- 'r'
Try 'rmdir --help' for more information.
eltex-pg2-v15@eltex-2026-spring:~$ rmdir -p D1/D2
rmdir: failed to remove 'D1/D2': Directory not empty
eltex-pg2-v15@eltex-2026-spring:~$ rm -rf D1/D2
eltex-pg2-v15@eltex-2026-spring:~$ ls -l D1
total 4
-rw-r--r-- 1 eltex-pg2-v15 eltex-pg2-v15 20 Mar 16 17:41 file.txt
eltex-pg2-v15@eltex-2026-spring:~$ du -ah -t 20M / >> "$(whoami)_part3_gt50M.log"
find . -mtime -1 -ls
  1048597      4 drwxr-xr-x  17 eltex-pg2-v15 eltex-pg2-v15     4096 Mar 16 18:07 .
  1048700      4 drwxr-xr-x   2 eltex-pg2-v15 eltex-pg2-v15     4096 Mar 16 17:01 ./2026-08
  1048694      4 drwxr-xr-x   2 eltex-pg2-v15 eltex-pg2-v15     4096 Mar 16 17:01 ./2026-05
  1048713     16 -rw-------   1 eltex-pg2-v15 eltex-pg2-v15    13054 Mar 16 18:07 ./.viminfo
  1048637      4 drwxr-xr-x   2 eltex-pg2-v15 eltex-pg2-v15     4096 Mar 16 17:01 ./2026-03
  1048699      4 -rw-r--r--   1 eltex-pg2-v15 eltex-pg2-v15      864 Mar 16 16:19 ./.profile
  1048704      4 drwxr-xr-x   2 eltex-pg2-v15 eltex-pg2-v15     4096 Mar 16 17:01 ./2026-11
  1048702      4 drwxr-xr-x   2 eltex-pg2-v15 eltex-pg2-v15     4096 Mar 16 17:01 ./2026-10
  1048636      4 -rw-------   1 eltex-pg2-v15 eltex-pg2-v15       20 Mar 16 18:00 ./.lesshst
  1048708      4 -rw-r--r--   1 eltex-pg2-v15 eltex-pg2-v15     3839 Mar 16 17:05 ./eltex-pg2-v15_part2.log
  1048697      4 drwxr-xr-x   2 eltex-pg2-v15 eltex-pg2-v15     4096 Mar 16 17:01 ./2026-06
  1048706      4 drwxr-xr-x   2 eltex-pg2-v15 eltex-pg2-v15     4096 Mar 16 17:43 ./D1
  1048599      4 -rw-r--r--   1 eltex-pg2-v15 eltex-pg2-v15       20 Mar 16 17:41 ./D1/file.txt
  1048711      8 -rw-r--r--   1 eltex-pg2-v15 eltex-pg2-v15     4576 Mar 16 18:10 ./eltex-pg2-v15_part3.log
  1048625      4 drwxr-xr-x   2 eltex-pg2-v15 eltex-pg2-v15     4096 Mar 16 17:01 ./2026-02
  1048667      4 -rw-r--r--   1 eltex-pg2-v15 eltex-pg2-v15     2863 Mar 16 18:04 ./eltex-pg2-v15_part3_gt50M.log
  1048623      8 -rw-------   1 eltex-pg2-v15 eltex-pg2-v15     7133 Mar 16 17:45 ./.bash_history
  1048618      4 drwxr-xr-x   2 eltex-pg2-v15 eltex-pg2-v15     4096 Mar 16 16:57 ./.vim
  1048622      4 -rw-r--r--   1 eltex-pg2-v15 eltex-pg2-v15      224 Mar 16 16:57 ./.vim/.netrwhist
  1048701      4 drwxr-xr-x   2 eltex-pg2-v15 eltex-pg2-v15     4096 Mar 16 17:01 ./2026-09
  1048624      4 drwxr-xr-x   2 eltex-pg2-v15 eltex-pg2-v15     4096 Mar 16 17:01 ./2026-01
  1048698      4 drwxr-xr-x   2 eltex-pg2-v15 eltex-pg2-v15     4096 Mar 16 17:01 ./2026-07
  1048705      4 drwxr-xr-x   2 eltex-pg2-v15 eltex-pg2-v15     4096 Mar 16 17:01 ./2026-12
  1048679      4 drwxr-xr-x   2 eltex-pg2-v15 eltex-pg2-v15     4096 Mar 16 17:01 ./2026-04
type -a find
find is /usr/bin/find
find is /bin/find
file /usr/bin/find
/usr/bin/find: ELF 64-bit LSB pie executable, x86-64, version 1 (SYSV), dynamically linked, interpreter /lib64/ld-linux-x86-64.so.2, BuildID[sha1]=5545a6c7162d325fbe5ffabcbfe4e5521b66ce70, for GNU/Linux 3.2.0, stripped
file /boot/initrd.img*
/boot/initrd.img-6.1.0-40-amd64: ASCII cpio archive (SVR4 with no CRC)
/boot/initrd.img-6.1.0-43-amd64: ASCII cpio archive (SVR4 with no CRC)
